# JRE version: OpenJDK Runtime Environment Temurin-21.0.9+10 (21.0.9+10) (build 21.0.9+10-LTS)
# Java VM: OpenJDK 64-Bit Server VM Temurin-21.0.9+10 (21.0.9+10-LTS, mixed mode, sharing, tiered, compressed oops, compressed class ptrs, parallel gc, windows-amd64)
GC Precious Log:
 CardTable entry size: 512
 CPUs: 8 total, 8 available
 Memory: 8025M
 Large Page Support: Disabled
 NUMA Support: Disabled
 Compressed Oops: Enabled (32-bit)
 Alignments: Space 512K, Generation 512K, Heap 2M
 Heap Min Capacity: 100M
 Heap Initial Capacity: 100M
 Heap Max Capacity: 2G
 Pre-touch: Disabled
 Parallel Workers: 8
Heap:
 PSYoungGen      total 22528K, used 19826K [0x00000000d5580000, 0x00000000d6e80000, 0x0000000100000000)
  eden space 21504K, 87% used [0x00000000d5580000,0x00000000d67ddd30,0x00000000d6a80000)
  from space 1024K, 99% used [0x00000000d6a80000,0x00000000d6b7ee98,0x00000000d6b80000)
  to   space 2048K, 0% used [0x00000000d6c80000,0x00000000d6c80000,0x00000000d6e80000)
 ParOldGen       total 68608K, used 27693K [0x0000000080000000, 0x0000000084300000, 0x00000000d5580000)
  object space 68608K, 40% used [0x0000000080000000,0x0000000081b0b710,0x0000000084300000)
 Metaspace       used 50791K, committed 52032K, reserved 1114112K
  class space    used 5605K, committed 6208K, reserved 1048576K
GC Heap History (20 events):
Event: 37.867 GC heap before
{Heap before GC invocations=12 (full 1):
 PSYoungGen      total 25088K, used 25073K [0x00000000d5580000, 0x00000000d7380000, 0x0000000100000000)
  eden space 23040K, 100% used [0x00000000d5580000,0x00000000d6c00000,0x00000000d6c00000)
  from space 2048K, 99% used [0x00000000d7180000,0x00000000d737c450,0x00000000d7380000)
  to   space 3584K, 0% used [0x00000000d6c80000,0x00000000d6c80000,0x00000000d7000000)
 ParOldGen       total 68608K, used 15029K [0x0000000080000000, 0x0000000084300000, 0x00000000d5580000)
  object space 68608K, 21% used [0x0000000080000000,0x0000000080ead758,0x0000000084300000)
 Metaspace       used 31331K, committed 32320K, reserved 1114112K
  class space    used 3186K, committed 3648K, reserved 1048576K
}
Event: 37.870 GC heap after
{Heap after GC invocations=12 (full 1):
 PSYoungGen      total 26112K, used 1149K [0x00000000d5580000, 0x00000000d7200000, 0x0000000100000000)
  eden space 22528K, 0% used [0x00000000d5580000,0x00000000d5580000,0x00000000d6b80000)
  from space 3584K, 32% used [0x00000000d6c80000,0x00000000d6d9f470,0x00000000d7000000)
  to   space 2048K, 0% used [0x00000000d7000000,0x00000000d7000000,0x00000000d7200000)
 ParOldGen       total 68608K, used 16917K [0x0000000080000000, 0x0000000084300000, 0x00000000d5580000)
  object space 68608K, 24% used [0x0000000080000000,0x0000000081085448,0x0000000084300000)
 Metaspace       used 31331K, committed 32320K, reserved 1114112K
  class space    used 3186K, committed 3648K, reserved 1048576K
}
Event: 38.112 GC heap before
{Heap before GC invocations=13 (full 1):
 PSYoungGen      total 26112K, used 23677K [0x00000000d5580000, 0x00000000d7200000, 0x0000000100000000)
  eden space 22528K, 100% used [0x00000000d5580000,0x00000000d6b80000,0x00000000d6b80000)
  from space 3584K, 32% used [0x00000000d6c80000,0x00000000d6d9f470,0x00000000d7000000)
  to   space 2048K, 0% used [0x00000000d7000000,0x00000000d7000000,0x00000000d7200000)
 ParOldGen       total 68608K, used 16917K [0x0000000080000000, 0x0000000084300000, 0x00000000d5580000)
  object space 68608K, 24% used [0x0000000080000000,0x0000000081085448,0x0000000084300000)
 Metaspace       used 33431K, committed 34496K, reserved 1114112K
  class space    used 3442K, committed 3904K, reserved 1048576K
}
Event: 38.113 GC heap after
{Heap after GC invocations=13 (full 1):
 PSYoungGen      total 23552K, used 1461K [0x00000000d5580000, 0x00000000d7180000, 0x0000000100000000)
  eden space 22016K, 0% used [0x00000000d5580000,0x00000000d5580000,0x00000000d6b00000)
  from space 1536K, 95% used [0x00000000d7000000,0x00000000d716d6c8,0x00000000d7180000)
  to   space 1536K, 0% used [0x00000000d6e80000,0x00000000d6e80000,0x00000000d7000000)
 ParOldGen       total 68608K, used 17834K [0x0000000080000000, 0x0000000084300000, 0x00000000d5580000)
  object space 68608K, 25% used [0x0000000080000000,0x000000008116aa68,0x0000000084300000)
 Metaspace       used 33431K, committed 34496K, reserved 1114112K
  class space    used 3442K, committed 3904K, reserved 1048576K
}
Event: 38.218 GC heap before
{Heap before GC invocations=14 (full 1):
 PSYoungGen      total 23552K, used 12817K [0x00000000d5580000, 0x00000000d7180000, 0x0000000100000000)
  eden space 22016K, 51% used [0x00000000d5580000,0x00000000d6096db8,0x00000000d6b00000)
  from space 1536K, 95% used [0x00000000d7000000,0x00000000d716d6c8,0x00000000d7180000)
  to   space 1536K, 0% used [0x00000000d6e80000,0x00000000d6e80000,0x00000000d7000000)
 ParOldGen       total 68608K, used 17834K [0x0000000080000000, 0x0000000084300000, 0x00000000d5580000)
  object space 68608K, 25% used [0x0000000080000000,0x000000008116aa68,0x0000000084300000)
 Metaspace       used 34811K, committed 35840K, reserved 1114112K
  class space    used 3612K, committed 4096K, reserved 1048576K
}
Event: 38.220 GC heap after
{Heap after GC invocations=14 (full 1):
 PSYoungGen      total 23040K, used 576K [0x00000000d5580000, 0x00000000d7080000, 0x0000000100000000)
  eden space 22016K, 0% used [0x00000000d5580000,0x00000000d5580000,0x00000000d6b00000)
  from space 1024K, 56% used [0x00000000d6e80000,0x00000000d6f10000,0x00000000d6f80000)
  to   space 1024K, 0% used [0x00000000d6f80000,0x00000000d6f80000,0x00000000d7080000)
 ParOldGen       total 68608K, used 19135K [0x0000000080000000, 0x0000000084300000, 0x00000000d5580000)
  object space 68608K, 27% used [0x0000000080000000,0x00000000812affe8,0x0000000084300000)
 Metaspace       used 34811K, committed 35840K, reserved 1114112K
  class space    used 3612K, committed 4096K, reserved 1048576K
}
Event: 38.220 GC heap before
{Heap before GC invocations=15 (full 2):
 PSYoungGen      total 23040K, used 576K [0x00000000d5580000, 0x00000000d7080000, 0x0000000100000000)
  eden space 22016K, 0% used [0x00000000d5580000,0x00000000d5580000,0x00000000d6b00000)
  from space 1024K, 56% used [0x00000000d6e80000,0x00000000d6f10000,0x00000000d6f80000)
  to   space 1024K, 0% used [0x00000000d6f80000,0x00000000d6f80000,0x00000000d7080000)
 ParOldGen       total 68608K, used 19135K [0x0000000080000000, 0x0000000084300000, 0x00000000d5580000)
  object space 68608K, 27% used [0x0000000080000000,0x00000000812affe8,0x0000000084300000)
 Metaspace       used 34811K, committed 35840K, reserved 1114112K
  class space    used 3612K, committed 4096K, reserved 1048576K
}
Event: 38.249 GC heap after
{Heap after GC invocations=15 (full 2):
 PSYoungGen      total 23040K, used 0K [0x00000000d5580000, 0x00000000d7080000, 0x0000000100000000)
  eden space 22016K, 0% used [0x00000000d5580000,0x00000000d5580000,0x00000000d6b00000)
  from space 1024K, 0% used [0x00000000d6e80000,0x00000000d6e80000,0x00000000d6f80000)
  to   space 1024K, 0% used [0x00000000d6f80000,0x00000000d6f80000,0x00000000d7080000)
 ParOldGen       total 68608K, used 18584K [0x0000000080000000, 0x0000000084300000, 0x00000000d5580000)
  object space 68608K, 27% used [0x0000000080000000,0x0000000081226368,0x0000000084300000)
 Metaspace       used 34811K, committed 35840K, reserved 1114112K
  class space    used 3612K, committed 4096K, reserved 1048576K
}
Event: 38.363 GC heap before
{Heap before GC invocations=16 (full 2):
 PSYoungGen      total 23040K, used 22016K [0x00000000d5580000, 0x00000000d7080000, 0x0000000100000000)
  eden space 22016K, 100% used [0x00000000d5580000,0x00000000d6b00000,0x00000000d6b00000)
  from space 1024K, 0% used [0x00000000d6e80000,0x00000000d6e80000,0x00000000d6f80000)
  to   space 1024K, 0% used [0x00000000d6f80000,0x00000000d6f80000,0x00000000d7080000)
 ParOldGen       total 68608K, used 18584K [0x0000000080000000, 0x0000000084300000, 0x00000000d5580000)
  object space 68608K, 27% used [0x0000000080000000,0x0000000081226368,0x0000000084300000)
 Metaspace       used 37037K, committed 38144K, reserved 1114112K
  class space    used 3889K, committed 4416K, reserved 1048576K
}
Event: 38.364 GC heap after
{Heap after GC invocations=16 (full 2):
 PSYoungGen      total 23040K, used 992K [0x00000000d5580000, 0x00000000d7080000, 0x0000000100000000)
  eden space 22016K, 0% used [0x00000000d5580000,0x00000000d5580000,0x00000000d6b00000)
  from space 1024K, 96% used [0x00000000d6f80000,0x00000000d7078000,0x00000000d7080000)
  to   space 1536K, 0% used [0x00000000d6d80000,0x00000000d6d80000,0x00000000d6f00000)
 ParOldGen       total 68608K, used 21074K [0x0000000080000000, 0x0000000084300000, 0x00000000d5580000)
  object space 68608K, 30% used [0x0000000080000000,0x00000000814948c0,0x0000000084300000)
 Metaspace       used 37037K, committed 38144K, reserved 1114112K
  class space    used 3889K, committed 4416K, reserved 1048576K
}
Event: 38.538 GC heap before
{Heap before GC invocations=17 (full 2):
 PSYoungGen      total 23040K, used 23008K [0x00000000d5580000, 0x00000000d7080000, 0x0000000100000000)
  eden space 22016K, 100% used [0x00000000d5580000,0x00000000d6b00000,0x00000000d6b00000)
  from space 1024K, 96% used [0x00000000d6f80000,0x00000000d7078000,0x00000000d7080000)
  to   space 1536K, 0% used [0x00000000d6d80000,0x00000000d6d80000,0x00000000d6f00000)
 ParOldGen       total 68608K, used 21074K [0x0000000080000000, 0x0000000084300000, 0x00000000d5580000)
  object space 68608K, 30% used [0x0000000080000000,0x00000000814948c0,0x0000000084300000)
 Metaspace       used 39709K, committed 40832K, reserved 1114112K
  class space    used 4206K, committed 4736K, reserved 1048576K
}
Event: 38.541 GC heap after
{Heap after GC invocations=17 (full 2):
 PSYoungGen      total 23552K, used 1536K [0x00000000d5580000, 0x00000000d7100000, 0x0000000100000000)
  eden space 22016K, 0% used [0x00000000d5580000,0x00000000d5580000,0x00000000d6b00000)
  from space 1536K, 100% used [0x00000000d6d80000,0x00000000d6f00000,0x00000000d6f00000)
  to   space 2048K, 0% used [0x00000000d6f00000,0x00000000d6f00000,0x00000000d7100000)
 ParOldGen       total 68608K, used 21951K [0x0000000080000000, 0x0000000084300000, 0x00000000d5580000)
  object space 68608K, 31% used [0x0000000080000000,0x000000008156fdf0,0x0000000084300000)
 Metaspace       used 39709K, committed 40832K, reserved 1114112K
  class space    used 4206K, committed 4736K, reserved 1048576K
}
Event: 38.867 GC heap before
{Heap before GC invocations=18 (full 2):
 PSYoungGen      total 23552K, used 23552K [0x00000000d5580000, 0x00000000d7100000, 0x0000000100000000)
  eden space 22016K, 100% used [0x00000000d5580000,0x00000000d6b00000,0x00000000d6b00000)
  from space 1536K, 100% used [0x00000000d6d80000,0x00000000d6f00000,0x00000000d6f00000)
  to   space 2048K, 0% used [0x00000000d6f00000,0x00000000d6f00000,0x00000000d7100000)
 ParOldGen       total 68608K, used 21951K [0x0000000080000000, 0x0000000084300000, 0x00000000d5580000)
  object space 68608K, 31% used [0x0000000080000000,0x000000008156fdf0,0x0000000084300000)
 Metaspace       used 42465K, committed 43648K, reserved 1114112K
  class space    used 4568K, committed 5120K, reserved 1048576K
}
Event: 38.869 GC heap after
{Heap after GC invocations=18 (full 2):
 PSYoungGen      total 23552K, used 1194K [0x00000000d5580000, 0x00000000d7080000, 0x0000000100000000)
  eden space 22016K, 0% used [0x00000000d5580000,0x00000000d5580000,0x00000000d6b00000)
  from space 1536K, 77% used [0x00000000d6f00000,0x00000000d702ab48,0x00000000d7080000)
  to   space 2048K, 0% used [0x00000000d6c80000,0x00000000d6c80000,0x00000000d6e80000)
 ParOldGen       total 68608K, used 23447K [0x0000000080000000, 0x0000000084300000, 0x00000000d5580000)
  object space 68608K, 34% used [0x0000000080000000,0x00000000816e5e00,0x0000000084300000)
 Metaspace       used 42465K, committed 43648K, reserved 1114112K
  class space    used 4568K, committed 5120K, reserved 1048576K
}
Event: 39.493 GC heap before
{Heap before GC invocations=19 (full 2):
 PSYoungGen      total 23552K, used 23210K [0x00000000d5580000, 0x00000000d7080000, 0x0000000100000000)
  eden space 22016K, 100% used [0x00000000d5580000,0x00000000d6b00000,0x00000000d6b00000)
  from space 1536K, 77% used [0x00000000d6f00000,0x00000000d702ab48,0x00000000d7080000)
  to   space 2048K, 0% used [0x00000000d6c80000,0x00000000d6c80000,0x00000000d6e80000)
 ParOldGen       total 68608K, used 23447K [0x0000000080000000, 0x0000000084300000, 0x00000000d5580000)
  object space 68608K, 34% used [0x0000000080000000,0x00000000816e5e00,0x0000000084300000)
 Metaspace       used 45022K, committed 46144K, reserved 1114112K
  class space    used 4897K, committed 5376K, reserved 1048576K
}
Event: 39.495 GC heap after
{Heap after GC invocations=19 (full 2):
 PSYoungGen      total 23552K, used 1056K [0x00000000d5580000, 0x00000000d6f80000, 0x0000000100000000)
  eden space 22016K, 0% used [0x00000000d5580000,0x00000000d5580000,0x00000000d6b00000)
  from space 1536K, 68% used [0x00000000d6c80000,0x00000000d6d88000,0x00000000d6e00000)
  to   space 1536K, 0% used [0x00000000d6e00000,0x00000000d6e00000,0x00000000d6f80000)
 ParOldGen       total 68608K, used 24498K [0x0000000080000000, 0x0000000084300000, 0x00000000d5580000)
  object space 68608K, 35% used [0x0000000080000000,0x00000000817ec958,0x0000000084300000)
 Metaspace       used 45022K, committed 46144K, reserved 1114112K
  class space    used 4897K, committed 5376K, reserved 1048576K
}
Event: 40.199 GC heap before
{Heap before GC invocations=20 (full 2):
 PSYoungGen      total 23552K, used 23072K [0x00000000d5580000, 0x00000000d6f80000, 0x0000000100000000)
  eden space 22016K, 100% used [0x00000000d5580000,0x00000000d6b00000,0x00000000d6b00000)
  from space 1536K, 68% used [0x00000000d6c80000,0x00000000d6d88000,0x00000000d6e00000)
  to   space 1536K, 0% used [0x00000000d6e00000,0x00000000d6e00000,0x00000000d6f80000)
 ParOldGen       total 68608K, used 24498K [0x0000000080000000, 0x0000000084300000, 0x00000000d5580000)
  object space 68608K, 35% used [0x0000000080000000,0x00000000817ec958,0x0000000084300000)
 Metaspace       used 47336K, committed 48448K, reserved 1114112K
  class space    used 5224K, committed 5760K, reserved 1048576K
}
Event: 40.204 GC heap after
{Heap after GC invocations=20 (full 2):
 PSYoungGen      total 23040K, used 1520K [0x00000000d5580000, 0x00000000d7200000, 0x0000000100000000)
  eden space 21504K, 0% used [0x00000000d5580000,0x00000000d5580000,0x00000000d6a80000)
  from space 1536K, 98% used [0x00000000d6e00000,0x00000000d6f7c010,0x00000000d6f80000)
  to   space 3584K, 0% used [0x00000000d6a80000,0x00000000d6a80000,0x00000000d6e00000)
 ParOldGen       total 68608K, used 26189K [0x0000000080000000, 0x0000000084300000, 0x00000000d5580000)
  object space 68608K, 38% used [0x0000000080000000,0x0000000081993668,0x0000000084300000)
 Metaspace       used 47336K, committed 48448K, reserved 1114112K
  class space    used 5224K, committed 5760K, reserved 1048576K
}
Event: 42.070 GC heap before
{Heap before GC invocations=21 (full 2):
 PSYoungGen      total 23040K, used 23013K [0x00000000d5580000, 0x00000000d7200000, 0x0000000100000000)
  eden space 21504K, 99% used [0x00000000d5580000,0x00000000d6a7d698,0x00000000d6a80000)
  from space 1536K, 98% used [0x00000000d6e00000,0x00000000d6f7c010,0x00000000d6f80000)
  to   space 3584K, 0% used [0x00000000d6a80000,0x00000000d6a80000,0x00000000d6e00000)
 ParOldGen       total 68608K, used 26189K [0x0000000080000000, 0x0000000084300000, 0x00000000d5580000)
  object space 68608K, 38% used [0x0000000080000000,0x0000000081993668,0x0000000084300000)
 Metaspace       used 49510K, committed 50688K, reserved 1114112K
  class space    used 5467K, committed 6016K, reserved 1048576K
}
Event: 42.073 GC heap after
{Heap after GC invocations=21 (full 2):
 PSYoungGen      total 22528K, used 1019K [0x00000000d5580000, 0x00000000d6e80000, 0x0000000100000000)
  eden space 21504K, 0% used [0x00000000d5580000,0x00000000d5580000,0x00000000d6a80000)
  from space 1024K, 99% used [0x00000000d6a80000,0x00000000d6b7ee98,0x00000000d6b80000)
  to   space 2048K, 0% used [0x00000000d6c80000,0x00000000d6c80000,0x00000000d6e80000)
 ParOldGen       total 68608K, used 27693K [0x0000000080000000, 0x0000000084300000, 0x00000000d5580000)
  object space 68608K, 40% used [0x0000000080000000,0x0000000081b0b710,0x0000000084300000)
 Metaspace       used 49510K, committed 50688K, reserved 1114112K
  class space    used 5467K, committed 6016K, reserved 1048576K
}

